2023-09-09 17:02:59.021 INFO  com.yiero.wiki.config.WikiApplication             :55  

                [32m                  [0;39m Starting WikiApplication using Java 1.8.0_202 on Yiero with PID 5888 (D:\Code\Project\wiki\target\classes started by Yiero in D:\Code\Project\wiki)
2023-09-09 17:02:59.024 INFO  com.yiero.wiki.config.WikiApplication             :631 

                [32m                  [0;39m No active profile set, falling back to 1 default profile: "default"
2023-09-09 17:02:59.731 INFO  o.s.boot.web.embedded.tomcat.TomcatWebServer      :108 

                [32m                  [0;39m Tomcat initialized with port(s): 8080 (http)
2023-09-09 17:02:59.737 INFO  org.apache.coyote.http11.Http11NioProtocol        :173 

                [32m                  [0;39m Initializing ProtocolHandler ["http-nio-8080"]
2023-09-09 17:02:59.739 INFO  org.apache.catalina.core.StandardService          :173 

                [32m                  [0;39m Starting service [Tomcat]
2023-09-09 17:02:59.740 INFO  org.apache.catalina.core.StandardEngine           :173 

                [32m                  [0;39m Starting Servlet engine: [Apache Tomcat/9.0.79]
2023-09-09 17:02:59.853 INFO  o.a.c.core.ContainerBase.[Tomcat].[localhost].[/] :173 

                [32m                  [0;39m Initializing Spring embedded WebApplicationContext
2023-09-09 17:02:59.853 INFO  o.s.b.w.s.c.ServletWebServerApplicationContext    :292 

                [32m                  [0;39m Root WebApplicationContext: initialization completed in 792 ms
2023-09-09 17:03:00.144 INFO  org.apache.coyote.http11.Http11NioProtocol        :173 

                [32m                  [0;39m Starting ProtocolHandler ["http-nio-8080"]
2023-09-09 17:03:00.159 INFO  o.s.boot.web.embedded.tomcat.TomcatWebServer      :220 

                [32m                  [0;39m Tomcat started on port(s): 8080 (http) with context path ''
2023-09-09 17:03:00.166 INFO  com.yiero.wiki.config.WikiApplication             :61  

                [32m                  [0;39m Started WikiApplication in 1.599 seconds (JVM running for 2.673)
2023-09-09 17:04:15.175 INFO  com.yiero.wiki.config.WikiApplication             :55   [32m                  [0;39m Starting WikiApplication using Java 1.8.0_202 on Yiero with PID 4860 (D:\Code\Project\wiki\target\classes started by Yiero in D:\Code\Project\wiki)
2023-09-09 17:04:15.178 INFO  com.yiero.wiki.config.WikiApplication             :631  [32m                  [0;39m No active profile set, falling back to 1 default profile: "default"
2023-09-09 17:04:15.947 INFO  o.s.boot.web.embedded.tomcat.TomcatWebServer      :108  [32m                  [0;39m Tomcat initialized with port(s): 8080 (http)
2023-09-09 17:04:15.953 INFO  org.apache.coyote.http11.Http11NioProtocol        :173  [32m                  [0;39m Initializing ProtocolHandler ["http-nio-8080"]
2023-09-09 17:04:15.954 INFO  org.apache.catalina.core.StandardService          :173  [32m                  [0;39m Starting service [Tomcat]
2023-09-09 17:04:15.954 INFO  org.apache.catalina.core.StandardEngine           :173  [32m                  [0;39m Starting Servlet engine: [Apache Tomcat/9.0.79]
2023-09-09 17:04:16.074 INFO  o.a.c.core.ContainerBase.[Tomcat].[localhost].[/] :173  [32m                  [0;39m Initializing Spring embedded WebApplicationContext
2023-09-09 17:04:16.074 INFO  o.s.b.w.s.c.ServletWebServerApplicationContext    :292  [32m                  [0;39m Root WebApplicationContext: initialization completed in 851 ms
2023-09-09 17:04:16.345 INFO  org.apache.coyote.http11.Http11NioProtocol        :173  [32m                  [0;39m Starting ProtocolHandler ["http-nio-8080"]
2023-09-09 17:04:16.361 INFO  o.s.boot.web.embedded.tomcat.TomcatWebServer      :220  [32m                  [0;39m Tomcat started on port(s): 8080 (http) with context path ''
2023-09-09 17:04:16.369 INFO  com.yiero.wiki.config.WikiApplication             :61   [32m                  [0;39m Started WikiApplication in 1.687 seconds (JVM running for 2.609)
